<?xml version="1.0" encoding="UTF-8"?>
<testng-results skipped="0" failed="0" ignored="0" total="1" passed="1">
  <reporter-output>
  </reporter-output>
  <suite name="Default suite" duration-ms="40687" started-at="2019-01-30T23:40:24Z" finished-at="2019-01-30T23:41:04Z">
    <groups>
    </groups>
    <test name="Default test" duration-ms="40687" started-at="2019-01-30T23:40:24Z" finished-at="2019-01-30T23:41:04Z">
      <class name="com.auto.testcases.TestROOPeration">
        <test-method status="PASS" signature="roCreation(java.lang.String, java.lang.String, java.lang.String)[pri:1, instance:com.auto.testcases.TestROOPeration@5c3bd550]" name="roCreation" duration-ms="40656" started-at="2019-01-30T15:40:24Z" data-provider="loginRO" finished-at="2019-01-30T15:41:04Z">
          <params>
            <param index="0">
              <value>
                <![CDATA[aarige]]>
              </value>
            </param>
            <param index="1">
              <value>
                <![CDATA[Xtime111]]>
              </value>
            </param>
            <param index="2">
              <value>
                <![CDATA[a]]>
              </value>
            </param>
          </params>
          <reporter-output>
          </reporter-output>
        </test-method> <!-- roCreation -->
      </class> <!-- com.auto.testcases.TestROOPeration -->
    </test> <!-- Default test -->
  </suite> <!-- Default suite -->
</testng-results>
